# JRE version: OpenJDK Runtime Environment (8.0_152-b06) (build 1.8.0_152-release-1136-b06)
# Java VM: OpenJDK 64-Bit Server VM (25.152-b06 mixed mode windows-amd64 compressed oops)
Heap:
 PSYoungGen      total 423936K, used 49069K [0x00000000e0000000, 0x00000000fc000000, 0x0000000100000000)
  eden space 389120K, 3% used [0x00000000e0000000,0x00000000e0df30e8,0x00000000f7c00000)
  from space 34816K, 99% used [0x00000000f7c00000,0x00000000f9df8330,0x00000000f9e00000)
  to   space 30720K, 0% used [0x00000000fa200000,0x00000000fa200000,0x00000000fc000000)
 ParOldGen       total 189440K, used 128261K [0x00000000a0000000, 0x00000000ab900000, 0x00000000e0000000)
  object space 189440K, 67% used [0x00000000a0000000,0x00000000a7d41500,0x00000000ab900000)
 Metaspace       used 88318K, capacity 92132K, committed 92440K, reserved 1130496K
  class space    used 10978K, capacity 11701K, committed 11824K, reserved 1048576K
GC Heap History (10 events):
Event: 107.157 GC heap before
{Heap before GC invocations=33 (full 4):
 PSYoungGen      total 375296K, used 364133K [0x00000000e0000000, 0x00000000f9280000, 0x0000000100000000)
  eden space 345600K, 100% used [0x00000000e0000000,0x00000000f5180000,0x00000000f5180000)
  from space 29696K, 62% used [0x00000000f7580000,0x00000000f8799520,0x00000000f9280000)
  to   space 33280K, 0% used [0x00000000f5180000,0x00000000f5180000,0x00000000f7200000)
 ParOldGen       total 189440K, used 126451K [0x00000000a0000000, 0x00000000ab900000, 0x00000000e0000000)
  object space 189440K, 66% used [0x00000000a0000000,0x00000000a7b7ce48,0x00000000ab900000)
 Metaspace       used 85272K, capacity 88640K, committed 88728K, reserved 1126400K
  class space    used 10772K, capacity 11431K, committed 11440K, reserved 1048576K
Event: 107.172 GC heap after
Heap after GC invocations=33 (full 4):
 PSYoungGen      total 378880K, used 13612K [0x00000000e0000000, 0x00000000fad80000, 0x0000000100000000)
  eden space 345600K, 0% used [0x00000000e0000000,0x00000000e0000000,0x00000000f5180000)
  from space 33280K, 40% used [0x00000000f5180000,0x00000000f5ecb298,0x00000000f7200000)
  to   space 31744K, 0% used [0x00000000f8e80000,0x00000000f8e80000,0x00000000fad80000)
 ParOldGen       total 189440K, used 126459K [0x00000000a0000000, 0x00000000ab900000, 0x00000000e0000000)
  object space 189440K, 66% used [0x00000000a0000000,0x00000000a7b7ee48,0x00000000ab900000)
 Metaspace       used 85272K, capacity 88640K, committed 88728K, reserved 1126400K
  class space    used 10772K, capacity 11431K, committed 11440K, reserved 1048576K
}
Event: 203.650 GC heap before
{Heap before GC invocations=34 (full 4):
 PSYoungGen      total 378880K, used 359212K [0x00000000e0000000, 0x00000000fad80000, 0x0000000100000000)
  eden space 345600K, 100% used [0x00000000e0000000,0x00000000f5180000,0x00000000f5180000)
  from space 33280K, 40% used [0x00000000f5180000,0x00000000f5ecb298,0x00000000f7200000)
  to   space 31744K, 0% used [0x00000000f8e80000,0x00000000f8e80000,0x00000000fad80000)
 ParOldGen       total 189440K, used 126459K [0x00000000a0000000, 0x00000000ab900000, 0x00000000e0000000)
  object space 189440K, 66% used [0x00000000a0000000,0x00000000a7b7ee48,0x00000000ab900000)
 Metaspace       used 86328K, capacity 89870K, committed 90136K, reserved 1128448K
  class space    used 10815K, capacity 11522K, committed 11568K, reserved 1048576K
Event: 203.667 GC heap after
Heap after GC invocations=34 (full 4):
 PSYoungGen      total 393728K, used 14760K [0x00000000e0000000, 0x00000000fa500000, 0x0000000100000000)
  eden space 370688K, 0% used [0x00000000e0000000,0x00000000e0000000,0x00000000f6a00000)
  from space 23040K, 64% used [0x00000000f8e80000,0x00000000f9cea020,0x00000000fa500000)
  to   space 30208K, 0% used [0x00000000f6a00000,0x00000000f6a00000,0x00000000f8780000)
 ParOldGen       total 189440K, used 126467K [0x00000000a0000000, 0x00000000ab900000, 0x00000000e0000000)
  object space 189440K, 66% used [0x00000000a0000000,0x00000000a7b80e48,0x00000000ab900000)
 Metaspace       used 86328K, capacity 89870K, committed 90136K, reserved 1128448K
  class space    used 10815K, capacity 11522K, committed 11568K, reserved 1048576K
}
Event: 210.577 GC heap before
{Heap before GC invocations=35 (full 4):
 PSYoungGen      total 393728K, used 385448K [0x00000000e0000000, 0x00000000fa500000, 0x0000000100000000)
  eden space 370688K, 100% used [0x00000000e0000000,0x00000000f6a00000,0x00000000f6a00000)
  from space 23040K, 64% used [0x00000000f8e80000,0x00000000f9cea020,0x00000000fa500000)
  to   space 30208K, 0% used [0x00000000f6a00000,0x00000000f6a00000,0x00000000f8780000)
 ParOldGen       total 189440K, used 126475K [0x00000000a0000000, 0x00000000ab900000, 0x00000000e0000000)
  object space 189440K, 66% used [0x00000000a0000000,0x00000000a7b82e58,0x00000000ab900000)
 Metaspace       used 87780K, capacity 91424K, committed 91544K, reserved 1128448K
  class space    used 10944K, capacity 11663K, committed 11696K, reserved 1048576K
Event: 210.611 GC heap after
Heap after GC invocations=35 (full 4):
 PSYoungGen      total 400896K, used 28959K [0x00000000e0000000, 0x00000000fc300000, 0x0000000100000000)
  eden space 370688K, 0% used [0x00000000e0000000,0x00000000e0000000,0x00000000f6a00000)
  from space 30208K, 95% used [0x00000000f6a00000,0x00000000f8647c30,0x00000000f8780000)
  to   space 33792K, 0% used [0x00000000fa200000,0x00000000fa200000,0x00000000fc300000)
 ParOldGen       total 189440K, used 126483K [0x00000000a0000000, 0x00000000ab900000, 0x00000000e0000000)
  object space 189440K, 66% used [0x00000000a0000000,0x00000000a7b84e58,0x00000000ab900000)
 Metaspace       used 87780K, capacity 91424K, committed 91544K, reserved 1128448K
  class space    used 10944K, capacity 11663K, committed 11696K, reserved 1048576K
}
Event: 332.349 GC heap before
{Heap before GC invocations=36 (full 4):
 PSYoungGen      total 400896K, used 399647K [0x00000000e0000000, 0x00000000fc300000, 0x0000000100000000)
  eden space 370688K, 100% used [0x00000000e0000000,0x00000000f6a00000,0x00000000f6a00000)
  from space 30208K, 95% used [0x00000000f6a00000,0x00000000f8647c30,0x00000000f8780000)
  to   space 33792K, 0% used [0x00000000fa200000,0x00000000fa200000,0x00000000fc300000)
 ParOldGen       total 189440K, used 126485K [0x00000000a0000000, 0x00000000ab900000, 0x00000000e0000000)
  object space 189440K, 66% used [0x00000000a0000000,0x00000000a7b85440,0x00000000ab900000)
 Metaspace       used 88225K, capacity 91984K, committed 92184K, reserved 1130496K
  class space    used 10978K, capacity 11701K, committed 11824K, reserved 1048576K
Event: 332.377 GC heap after
Heap after GC invocations=36 (full 4):
 PSYoungGen      total 419840K, used 23487K [0x00000000e0000000, 0x00000000fc000000, 0x0000000100000000)
  eden space 389120K, 0% used [0x00000000e0000000,0x00000000e0000000,0x00000000f7c00000)
  from space 30720K, 76% used [0x00000000fa200000,0x00000000fb8efda8,0x00000000fc000000)
  to   space 34816K, 0% used [0x00000000f7c00000,0x00000000f7c00000,0x00000000f9e00000)
 ParOldGen       total 189440K, used 126493K [0x00000000a0000000, 0x00000000ab900000, 0x00000000e0000000)
  object space 189440K, 66% used [0x00000000a0000000,0x00000000a7b87440,0x00000000ab900000)
 Metaspace       used 88225K, capacity 91984K, committed 92184K, reserved 1130496K
  class space    used 10978K, capacity 11701K, committed 11824K, reserved 1048576K
}
Event: 333.906 GC heap before
{Heap before GC invocations=37 (full 4):
 PSYoungGen      total 419840K, used 412607K [0x00000000e0000000, 0x00000000fc000000, 0x0000000100000000)
  eden space 389120K, 100% used [0x00000000e0000000,0x00000000f7c00000,0x00000000f7c00000)
  from space 30720K, 76% used [0x00000000fa200000,0x00000000fb8efda8,0x00000000fc000000)
  to   space 34816K, 0% used [0x00000000f7c00000,0x00000000f7c00000,0x00000000f9e00000)
 ParOldGen       total 189440K, used 126493K [0x00000000a0000000, 0x00000000ab900000, 0x00000000e0000000)
  object space 189440K, 66% used [0x00000000a0000000,0x00000000a7b87440,0x00000000ab900000)
 Metaspace       used 88318K, capacity 92132K, committed 92440K, reserved 1130496K
  class space    used 10978K, capacity 11701K, committed 11824K, reserved 1048576K
Event: 333.940 GC heap after
Heap after GC invocations=37 (full 4):
 PSYoungGen      total 423936K, used 34784K [0x00000000e0000000, 0x00000000fc000000, 0x0000000100000000)
  eden space 389120K, 0% used [0x00000000e0000000,0x00000000e0000000,0x00000000f7c00000)
  from space 34816K, 99% used [0x00000000f7c00000,0x00000000f9df8330,0x00000000f9e00000)
  to   space 30720K, 0% used [0x00000000fa200000,0x00000000fa200000,0x00000000fc000000)
 ParOldGen       total 189440K, used 128261K [0x00000000a0000000, 0x00000000ab900000, 0x00000000e0000000)
  object space 189440K, 67% used [0x00000000a0000000,0x00000000a7d41500,0x00000000ab900000)
 Metaspace       used 88318K, capacity 92132K, committed 92440K, reserved 1130496K
  class space    used 10978K, capacity 11701K, committed 11824K, reserved 1048576K
}

