# JRE version: OpenJDK Runtime Environment (8.0_152-b06) (build 1.8.0_152-release-1136-b06)
# Java VM: OpenJDK 64-Bit Server VM (25.152-b06 mixed mode windows-amd64 compressed oops)
Heap:
 PSYoungGen      total 498176K, used 94606K [0x00000000e0000000, 0x0000000100000000, 0x0000000100000000)
  eden space 473600K, 16% used [0x00000000e0000000,0x00000000e4d8f460,0x00000000fce80000)
  from space 24576K, 61% used [0x00000000fe600000,0x00000000ff4d4608,0x00000000ffe00000)
  to   space 24064K, 0% used [0x00000000fce80000,0x00000000fce80000,0x00000000fe600000)
 ParOldGen       total 204288K, used 144016K [0x00000000a0000000, 0x00000000ac780000, 0x00000000e0000000)
  object space 204288K, 70% used [0x00000000a0000000,0x00000000a8ca4198,0x00000000ac780000)
 Metaspace       used 104006K, capacity 111263K, committed 111488K, reserved 1146880K
  class space    used 12822K, capacity 14156K, committed 14208K, reserved 1048576K
GC Heap History (10 events):
Event: 4970.413 GC heap before
{Heap before GC invocations=49 (full 5):
 PSYoungGen      total 496640K, used 488304K [0x00000000e0000000, 0x00000000fff80000, 0x0000000100000000)
  eden space 472576K, 100% used [0x00000000e0000000,0x00000000fcd80000,0x00000000fcd80000)
  from space 24064K, 65% used [0x00000000fcd80000,0x00000000fdcdc220,0x00000000fe500000)
  to   space 24064K, 0% used [0x00000000fe800000,0x00000000fe800000,0x00000000fff80000)
 ParOldGen       total 204288K, used 143992K [0x00000000a0000000, 0x00000000ac780000, 0x00000000e0000000)
  object space 204288K, 70% used [0x00000000a0000000,0x00000000a8c9e198,0x00000000ac780000)
 Metaspace       used 103406K, capacity 110633K, committed 110976K, reserved 1146880K
  class space    used 12811K, capacity 14113K, committed 14208K, reserved 1048576K
Event: 4970.570 GC heap after
Heap after GC invocations=49 (full 5):
 PSYoungGen      total 499200K, used 17427K [0x00000000e0000000, 0x0000000100000000, 0x0000000100000000)
  eden space 475136K, 0% used [0x00000000e0000000,0x00000000e0000000,0x00000000fd000000)
  from space 24064K, 72% used [0x00000000fe800000,0x00000000ff904f20,0x00000000fff80000)
  to   space 24576K, 0% used [0x00000000fd000000,0x00000000fd000000,0x00000000fe800000)
 ParOldGen       total 204288K, used 144000K [0x00000000a0000000, 0x00000000ac780000, 0x00000000e0000000)
  object space 204288K, 70% used [0x00000000a0000000,0x00000000a8ca0198,0x00000000ac780000)
 Metaspace       used 103406K, capacity 110633K, committed 110976K, reserved 1146880K
  class space    used 12811K, capacity 14113K, committed 14208K, reserved 1048576K
}
Event: 7086.083 GC heap before
{Heap before GC invocations=50 (full 5):
 PSYoungGen      total 499200K, used 492563K [0x00000000e0000000, 0x0000000100000000, 0x0000000100000000)
  eden space 475136K, 100% used [0x00000000e0000000,0x00000000fd000000,0x00000000fd000000)
  from space 24064K, 72% used [0x00000000fe800000,0x00000000ff904f20,0x00000000fff80000)
  to   space 24576K, 0% used [0x00000000fd000000,0x00000000fd000000,0x00000000fe800000)
 ParOldGen       total 204288K, used 144000K [0x00000000a0000000, 0x00000000ac780000, 0x00000000e0000000)
  object space 204288K, 70% used [0x00000000a0000000,0x00000000a8ca0198,0x00000000ac780000)
 Metaspace       used 103535K, capacity 110749K, committed 110976K, reserved 1146880K
  class space    used 12814K, capacity 14119K, committed 14208K, reserved 1048576K
Event: 7086.358 GC heap after
Heap after GC invocations=50 (full 5):
 PSYoungGen      total 495104K, used 19759K [0x00000000e0000000, 0x0000000100000000, 0x0000000100000000)
  eden space 475136K, 0% used [0x00000000e0000000,0x00000000e0000000,0x00000000fd000000)
  from space 19968K, 98% used [0x00000000fd000000,0x00000000fe34bc20,0x00000000fe380000)
  to   space 25600K, 0% used [0x00000000fe700000,0x00000000fe700000,0x0000000100000000)
 ParOldGen       total 204288K, used 144000K [0x00000000a0000000, 0x00000000ac780000, 0x00000000e0000000)
  object space 204288K, 70% used [0x00000000a0000000,0x00000000a8ca0198,0x00000000ac780000)
 Metaspace       used 103535K, capacity 110749K, committed 110976K, reserved 1146880K
  class space    used 12814K, capacity 14119K, committed 14208K, reserved 1048576K
}
Event: 7137.039 GC heap before
{Heap before GC invocations=51 (full 5):
 PSYoungGen      total 495104K, used 494895K [0x00000000e0000000, 0x0000000100000000, 0x0000000100000000)
  eden space 475136K, 100% used [0x00000000e0000000,0x00000000fd000000,0x00000000fd000000)
  from space 19968K, 98% used [0x00000000fd000000,0x00000000fe34bc20,0x00000000fe380000)
  to   space 25600K, 0% used [0x00000000fe700000,0x00000000fe700000,0x0000000100000000)
 ParOldGen       total 204288K, used 144000K [0x00000000a0000000, 0x00000000ac780000, 0x00000000e0000000)
  object space 204288K, 70% used [0x00000000a0000000,0x00000000a8ca0198,0x00000000ac780000)
 Metaspace       used 103736K, capacity 111005K, committed 111232K, reserved 1146880K
  class space    used 12815K, capacity 14119K, committed 14208K, reserved 1048576K
Event: 7137.277 GC heap after
Heap after GC invocations=51 (full 5):
 PSYoungGen      total 498688K, used 16971K [0x00000000e0000000, 0x0000000100000000, 0x0000000100000000)
  eden space 473088K, 0% used [0x00000000e0000000,0x00000000e0000000,0x00000000fce00000)
  from space 25600K, 66% used [0x00000000fe700000,0x00000000ff792f00,0x0000000100000000)
  to   space 25600K, 0% used [0x00000000fce00000,0x00000000fce00000,0x00000000fe700000)
 ParOldGen       total 204288K, used 144008K [0x00000000a0000000, 0x00000000ac780000, 0x00000000e0000000)
  object space 204288K, 70% used [0x00000000a0000000,0x00000000a8ca2198,0x00000000ac780000)
 Metaspace       used 103736K, capacity 111005K, committed 111232K, reserved 1146880K
  class space    used 12815K, capacity 14119K, committed 14208K, reserved 1048576K
}
Event: 7434.584 GC heap before
{Heap before GC invocations=52 (full 5):
 PSYoungGen      total 498688K, used 490059K [0x00000000e0000000, 0x0000000100000000, 0x0000000100000000)
  eden space 473088K, 100% used [0x00000000e0000000,0x00000000fce00000,0x00000000fce00000)
  from space 25600K, 66% used [0x00000000fe700000,0x00000000ff792f00,0x0000000100000000)
  to   space 25600K, 0% used [0x00000000fce00000,0x00000000fce00000,0x00000000fe700000)
 ParOldGen       total 204288K, used 144008K [0x00000000a0000000, 0x00000000ac780000, 0x00000000e0000000)
  object space 204288K, 70% used [0x00000000a0000000,0x00000000a8ca2198,0x00000000ac780000)
 Metaspace       used 103809K, capacity 111139K, committed 111232K, reserved 1146880K
  class space    used 12818K, capacity 14120K, committed 14208K, reserved 1048576K
Event: 7434.617 GC heap after
Heap after GC invocations=52 (full 5):
 PSYoungGen      total 488960K, used 15409K [0x00000000e0000000, 0x00000000ffe00000, 0x0000000100000000)
  eden space 473088K, 0% used [0x00000000e0000000,0x00000000e0000000,0x00000000fce00000)
  from space 15872K, 97% used [0x00000000fce00000,0x00000000fdd0c6e8,0x00000000fdd80000)
  to   space 24576K, 0% used [0x00000000fe600000,0x00000000fe600000,0x00000000ffe00000)
 ParOldGen       total 204288K, used 144016K [0x00000000a0000000, 0x00000000ac780000, 0x00000000e0000000)
  object space 204288K, 70% used [0x00000000a0000000,0x00000000a8ca4198,0x00000000ac780000)
 Metaspace       used 103809K, capacity 111139K, committed 111232K, reserved 1146880K
  class space    used 12818K, capacity 14120K, committed 14208K, reserved 1048576K
}
Event: 9143.361 GC heap before
{Heap before GC invocations=53 (full 5):
 PSYoungGen      total 488960K, used 488497K [0x00000000e0000000, 0x00000000ffe00000, 0x0000000100000000)
  eden space 473088K, 100% used [0x00000000e0000000,0x00000000fce00000,0x00000000fce00000)
  from space 15872K, 97% used [0x00000000fce00000,0x00000000fdd0c6e8,0x00000000fdd80000)
  to   space 24576K, 0% used [0x00000000fe600000,0x00000000fe600000,0x00000000ffe00000)
 ParOldGen       total 204288K, used 144016K [0x00000000a0000000, 0x00000000ac780000, 0x00000000e0000000)
  object space 204288K, 70% used [0x00000000a0000000,0x00000000a8ca4198,0x00000000ac780000)
 Metaspace       used 103919K, capacity 111175K, committed 111232K, reserved 1146880K
  class space    used 12820K, capacity 14152K, committed 14208K, reserved 1048576K
Event: 9143.644 GC heap after
Heap after GC invocations=53 (full 5):
 PSYoungGen      total 498176K, used 15185K [0x00000000e0000000, 0x0000000100000000, 0x0000000100000000)
  eden space 473600K, 0% used [0x00000000e0000000,0x00000000e0000000,0x00000000fce80000)
  from space 24576K, 61% used [0x00000000fe600000,0x00000000ff4d4608,0x00000000ffe00000)
  to   space 24064K, 0% used [0x00000000fce80000,0x00000000fce80000,0x00000000fe600000)
 ParOldGen       total 204288K, used 144016K [0x00000000a0000000, 0x00000000ac780000, 0x00000000e0000000)
  object space 204288K, 70% used [0x00000000a0000000,0x00000000a8ca4198,0x00000000ac780000)
 Metaspace       used 103919K, capacity 111175K, committed 111232K, reserved 1146880K
  class space    used 12820K, capacity 14152K, committed 14208K, reserved 1048576K
}

