# JRE version: OpenJDK Runtime Environment (8.0_152-b06) (build 1.8.0_152-release-1136-b06)
# Java VM: OpenJDK 64-Bit Server VM (25.152-b06 mixed mode windows-amd64 compressed oops)
Heap:
 PSYoungGen      total 482304K, used 141937K [0x00000000e0000000, 0x0000000100000000, 0x0000000100000000)
  eden space 444928K, 26% used [0x00000000e0000000,0x00000000e71f1f10,0x00000000fb280000)
  from space 37376K, 67% used [0x00000000fb280000,0x00000000fcb2a668,0x00000000fd700000)
  to   space 39424K, 0% used [0x00000000fd980000,0x00000000fd980000,0x0000000100000000)
 ParOldGen       total 178176K, used 126929K [0x00000000a0000000, 0x00000000aae00000, 0x00000000e0000000)
  object space 178176K, 71% used [0x00000000a0000000,0x00000000a7bf47a8,0x00000000aae00000)
 Metaspace       used 98830K, capacity 103258K, committed 103448K, reserved 1138688K
  class space    used 12282K, capacity 13267K, committed 13360K, reserved 1048576K
GC Heap History (10 events):
Event: 169.547 GC heap before
{Heap before GC invocations=32 (full 5):
 PSYoungGen      total 481792K, used 461248K [0x00000000e0000000, 0x00000000ffc00000, 0x0000000100000000)
  eden space 448512K, 99% used [0x00000000e0000000,0x00000000fb5d5390,0x00000000fb600000)
  from space 33280K, 38% used [0x00000000fdb80000,0x00000000fe81af40,0x00000000ffc00000)
  to   space 35840K, 0% used [0x00000000fb600000,0x00000000fb600000,0x00000000fd900000)
 ParOldGen       total 178176K, used 111252K [0x00000000a0000000, 0x00000000aae00000, 0x00000000e0000000)
  object space 178176K, 62% used [0x00000000a0000000,0x00000000a6ca51b0,0x00000000aae00000)
 Metaspace       used 95788K, capacity 99700K, committed 99992K, reserved 1136640K
  class space    used 11955K, capacity 12830K, committed 12976K, reserved 1048576K
Event: 169.591 GC heap after
Heap after GC invocations=32 (full 5):
 PSYoungGen      total 484352K, used 32676K [0x00000000e0000000, 0x0000000100000000, 0x0000000100000000)
  eden space 448512K, 0% used [0x00000000e0000000,0x00000000e0000000,0x00000000fb600000)
  from space 35840K, 91% used [0x00000000fb600000,0x00000000fd5e9138,0x00000000fd900000)
  to   space 39936K, 0% used [0x00000000fd900000,0x00000000fd900000,0x0000000100000000)
 ParOldGen       total 178176K, used 114044K [0x00000000a0000000, 0x00000000aae00000, 0x00000000e0000000)
  object space 178176K, 64% used [0x00000000a0000000,0x00000000a6f5f048,0x00000000aae00000)
 Metaspace       used 95788K, capacity 99700K, committed 99992K, reserved 1136640K
  class space    used 11955K, capacity 12830K, committed 12976K, reserved 1048576K
}
Event: 175.341 GC heap before
{Heap before GC invocations=33 (full 5):
 PSYoungGen      total 484352K, used 481053K [0x00000000e0000000, 0x0000000100000000, 0x0000000100000000)
  eden space 448512K, 99% used [0x00000000e0000000,0x00000000fb5de300,0x00000000fb600000)
  from space 35840K, 91% used [0x00000000fb600000,0x00000000fd5e9138,0x00000000fd900000)
  to   space 39936K, 0% used [0x00000000fd900000,0x00000000fd900000,0x0000000100000000)
 ParOldGen       total 178176K, used 114044K [0x00000000a0000000, 0x00000000aae00000, 0x00000000e0000000)
  object space 178176K, 64% used [0x00000000a0000000,0x00000000a6f5f048,0x00000000aae00000)
 Metaspace       used 97612K, capacity 101780K, committed 102040K, reserved 1138688K
  class space    used 12215K, capacity 13140K, committed 13232K, reserved 1048576K
Event: 175.434 GC heap after
Heap after GC invocations=33 (full 5):
 PSYoungGen      total 484864K, used 8382K [0x00000000e0000000, 0x0000000100000000, 0x0000000100000000)
  eden space 444928K, 0% used [0x00000000e0000000,0x00000000e0000000,0x00000000fb280000)
  from space 39936K, 20% used [0x00000000fd900000,0x00000000fe12fbd8,0x0000000100000000)
  to   space 39424K, 0% used [0x00000000fb280000,0x00000000fb280000,0x00000000fd900000)
 ParOldGen       total 178176K, used 115698K [0x00000000a0000000, 0x00000000aae00000, 0x00000000e0000000)
  object space 178176K, 64% used [0x00000000a0000000,0x00000000a70fcb58,0x00000000aae00000)
 Metaspace       used 97612K, capacity 101780K, committed 102040K, reserved 1138688K
  class space    used 12215K, capacity 13140K, committed 13232K, reserved 1048576K
}
Event: 175.565 GC heap before
{Heap before GC invocations=34 (full 5):
 PSYoungGen      total 484864K, used 452385K [0x00000000e0000000, 0x0000000100000000, 0x0000000100000000)
  eden space 444928K, 99% used [0x00000000e0000000,0x00000000fb198840,0x00000000fb280000)
  from space 39936K, 20% used [0x00000000fd900000,0x00000000fe12fbd8,0x0000000100000000)
  to   space 39424K, 0% used [0x00000000fb280000,0x00000000fb280000,0x00000000fd900000)
 ParOldGen       total 178176K, used 115698K [0x00000000a0000000, 0x00000000aae00000, 0x00000000e0000000)
  object space 178176K, 64% used [0x00000000a0000000,0x00000000a70fcb58,0x00000000aae00000)
 Metaspace       used 97627K, capacity 101844K, committed 102040K, reserved 1138688K
  class space    used 12215K, capacity 13140K, committed 13232K, reserved 1048576K
Event: 175.711 GC heap after
Heap after GC invocations=34 (full 5):
 PSYoungGen      total 484352K, used 96K [0x00000000e0000000, 0x0000000100000000, 0x0000000100000000)
  eden space 444928K, 0% used [0x00000000e0000000,0x00000000e0000000,0x00000000fb280000)
  from space 39424K, 0% used [0x00000000fb280000,0x00000000fb298000,0x00000000fd900000)
  to   space 39936K, 0% used [0x00000000fd900000,0x00000000fd900000,0x0000000100000000)
 ParOldGen       total 178176K, used 118256K [0x00000000a0000000, 0x00000000aae00000, 0x00000000e0000000)
  object space 178176K, 66% used [0x00000000a0000000,0x00000000a737c208,0x00000000aae00000)
 Metaspace       used 97627K, capacity 101844K, committed 102040K, reserved 1138688K
  class space    used 12215K, capacity 13140K, committed 13232K, reserved 1048576K
}
Event: 189.614 GC heap before
{Heap before GC invocations=35 (full 5):
 PSYoungGen      total 484352K, used 445024K [0x00000000e0000000, 0x0000000100000000, 0x0000000100000000)
  eden space 444928K, 100% used [0x00000000e0000000,0x00000000fb280000,0x00000000fb280000)
  from space 39424K, 0% used [0x00000000fb280000,0x00000000fb298000,0x00000000fd900000)
  to   space 39936K, 0% used [0x00000000fd900000,0x00000000fd900000,0x0000000100000000)
 ParOldGen       total 178176K, used 118256K [0x00000000a0000000, 0x00000000aae00000, 0x00000000e0000000)
  object space 178176K, 66% used [0x00000000a0000000,0x00000000a737c208,0x00000000aae00000)
 Metaspace       used 98690K, capacity 103176K, committed 103448K, reserved 1138688K
  class space    used 12279K, capacity 13264K, committed 13360K, reserved 1048576K
Event: 189.657 GC heap after
Heap after GC invocations=35 (full 5):
 PSYoungGen      total 480256K, used 13607K [0x00000000e0000000, 0x00000000ffb80000, 0x0000000100000000)
  eden space 444928K, 0% used [0x00000000e0000000,0x00000000e0000000,0x00000000fb280000)
  from space 35328K, 38% used [0x00000000fd900000,0x00000000fe649d88,0x00000000ffb80000)
  to   space 37376K, 0% used [0x00000000fb280000,0x00000000fb280000,0x00000000fd700000)
 ParOldGen       total 178176K, used 118320K [0x00000000a0000000, 0x00000000aae00000, 0x00000000e0000000)
  object space 178176K, 66% used [0x00000000a0000000,0x00000000a738c208,0x00000000aae00000)
 Metaspace       used 98690K, capacity 103176K, committed 103448K, reserved 1138688K
  class space    used 12279K, capacity 13264K, committed 13360K, reserved 1048576K
}
Event: 191.625 GC heap before
{Heap before GC invocations=36 (full 5):
 PSYoungGen      total 480256K, used 458535K [0x00000000e0000000, 0x00000000ffb80000, 0x0000000100000000)
  eden space 444928K, 100% used [0x00000000e0000000,0x00000000fb280000,0x00000000fb280000)
  from space 35328K, 38% used [0x00000000fd900000,0x00000000fe649d88,0x00000000ffb80000)
  to   space 37376K, 0% used [0x00000000fb280000,0x00000000fb280000,0x00000000fd700000)
 ParOldGen       total 178176K, used 118320K [0x00000000a0000000, 0x00000000aae00000, 0x00000000e0000000)
  object space 178176K, 66% used [0x00000000a0000000,0x00000000a738c208,0x00000000aae00000)
 Metaspace       used 98812K, capacity 103258K, committed 103448K, reserved 1138688K
  class space    used 12282K, capacity 13267K, committed 13360K, reserved 1048576K
Event: 191.781 GC heap after
Heap after GC invocations=36 (full 5):
 PSYoungGen      total 482304K, used 25257K [0x00000000e0000000, 0x0000000100000000, 0x0000000100000000)
  eden space 444928K, 0% used [0x00000000e0000000,0x00000000e0000000,0x00000000fb280000)
  from space 37376K, 67% used [0x00000000fb280000,0x00000000fcb2a668,0x00000000fd700000)
  to   space 39424K, 0% used [0x00000000fd980000,0x00000000fd980000,0x0000000100000000)
 ParOldGen       total 178176K, used 126929K [0x00000000a0000000, 0x00000000aae00000, 0x00000000e0000000)
  object space 178176K, 71% used [0x00000000a0000000,0x00000000a7bf47a8,0x00000000aae00000)
 Metaspace       used 98812K, capacity 103258K, committed 103448K, reserved 1138688K
  class space    used 12282K, capacity 13267K, committed 13360K, reserved 1048576K
}

