# JRE version: OpenJDK Runtime Environment (8.0_152-b06) (build 1.8.0_152-release-1136-b06)
# Java VM: OpenJDK 64-Bit Server VM (25.152-b06 mixed mode windows-amd64 compressed oops)
Heap:
 PSYoungGen      total 399872K, used 93093K [0x00000000e0000000, 0x00000000fb500000, 0x0000000100000000)
  eden space 352256K, 24% used [0x00000000e0000000,0x00000000e5388b98,0x00000000f5800000)
  from space 47616K, 15% used [0x00000000f8680000,0x00000000f8de0a90,0x00000000fb500000)
  to   space 47616K, 0% used [0x00000000f5800000,0x00000000f5800000,0x00000000f8680000)
 ParOldGen       total 168448K, used 117442K [0x00000000a0000000, 0x00000000aa480000, 0x00000000e0000000)
  object space 168448K, 69% used [0x00000000a0000000,0x00000000a72b0b60,0x00000000aa480000)
 Metaspace       used 86698K, capacity 89788K, committed 90008K, reserved 1128448K
  class space    used 11035K, capacity 11681K, committed 11696K, reserved 1048576K
GC Heap History (10 events):
Event: 25.151 GC heap before
{Heap before GC invocations=20 (full 4):
 PSYoungGen      total 215552K, used 198014K [0x00000000e0000000, 0x00000000f6180000, 0x0000000100000000)
  eden space 194560K, 99% used [0x00000000e0000000,0x00000000ebde5848,0x00000000ebe00000)
  from space 20992K, 16% used [0x00000000ebe00000,0x00000000ec17a1b8,0x00000000ed280000)
  to   space 39936K, 0% used [0x00000000f3a80000,0x00000000f3a80000,0x00000000f6180000)
 ParOldGen       total 168448K, used 90291K [0x00000000a0000000, 0x00000000aa480000, 0x00000000e0000000)
  object space 168448K, 53% used [0x00000000a0000000,0x00000000a582cfb0,0x00000000aa480000)
 Metaspace       used 80183K, capacity 82814K, committed 83736K, reserved 1122304K
  class space    used 10488K, capacity 11052K, committed 11312K, reserved 1048576K
Event: 25.179 GC heap after
Heap after GC invocations=20 (full 4):
 PSYoungGen      total 280064K, used 17965K [0x00000000e0000000, 0x00000000f4c80000, 0x0000000100000000)
  eden space 261632K, 0% used [0x00000000e0000000,0x00000000e0000000,0x00000000eff80000)
  from space 18432K, 97% used [0x00000000f3a80000,0x00000000f4c0b5f0,0x00000000f4c80000)
  to   space 38912K, 0% used [0x00000000f0080000,0x00000000f0080000,0x00000000f2680000)
 ParOldGen       total 168448K, used 93915K [0x00000000a0000000, 0x00000000aa480000, 0x00000000e0000000)
  object space 168448K, 55% used [0x00000000a0000000,0x00000000a5bb6fb0,0x00000000aa480000)
 Metaspace       used 80183K, capacity 82814K, committed 83736K, reserved 1122304K
  class space    used 10488K, capacity 11052K, committed 11312K, reserved 1048576K
}
Event: 432.520 GC heap before
{Heap before GC invocations=21 (full 4):
 PSYoungGen      total 280064K, used 279597K [0x00000000e0000000, 0x00000000f4c80000, 0x0000000100000000)
  eden space 261632K, 100% used [0x00000000e0000000,0x00000000eff80000,0x00000000eff80000)
  from space 18432K, 97% used [0x00000000f3a80000,0x00000000f4c0b5f0,0x00000000f4c80000)
  to   space 38912K, 0% used [0x00000000f0080000,0x00000000f0080000,0x00000000f2680000)
 ParOldGen       total 168448K, used 93915K [0x00000000a0000000, 0x00000000aa480000, 0x00000000e0000000)
  object space 168448K, 55% used [0x00000000a0000000,0x00000000a5bb6fb0,0x00000000aa480000)
 Metaspace       used 84211K, capacity 87148K, committed 87320K, reserved 1124352K
  class space    used 10853K, capacity 11469K, committed 11568K, reserved 1048576K
Event: 432.548 GC heap after
Heap after GC invocations=21 (full 4):
 PSYoungGen      total 301568K, used 11603K [0x00000000e0000000, 0x00000000f7b00000, 0x0000000100000000)
  eden space 262656K, 0% used [0x00000000e0000000,0x00000000e0000000,0x00000000f0080000)
  from space 38912K, 29% used [0x00000000f0080000,0x00000000f0bd4ec0,0x00000000f2680000)
  to   space 36864K, 0% used [0x00000000f5700000,0x00000000f5700000,0x00000000f7b00000)
 ParOldGen       total 168448K, used 97248K [0x00000000a0000000, 0x00000000aa480000, 0x00000000e0000000)
  object space 168448K, 57% used [0x00000000a0000000,0x00000000a5ef80a0,0x00000000aa480000)
 Metaspace       used 84211K, capacity 87148K, committed 87320K, reserved 1124352K
  class space    used 10853K, capacity 11469K, committed 11568K, reserved 1048576K
}
Event: 435.327 GC heap before
{Heap before GC invocations=22 (full 4):
 PSYoungGen      total 301568K, used 274259K [0x00000000e0000000, 0x00000000f7b00000, 0x0000000100000000)
  eden space 262656K, 100% used [0x00000000e0000000,0x00000000f0080000,0x00000000f0080000)
  from space 38912K, 29% used [0x00000000f0080000,0x00000000f0bd4ec0,0x00000000f2680000)
  to   space 36864K, 0% used [0x00000000f5700000,0x00000000f5700000,0x00000000f7b00000)
 ParOldGen       total 168448K, used 97248K [0x00000000a0000000, 0x00000000aa480000, 0x00000000e0000000)
  object space 168448K, 57% used [0x00000000a0000000,0x00000000a5ef80a0,0x00000000aa480000)
 Metaspace       used 84713K, capacity 87600K, committed 87832K, reserved 1126400K
  class space    used 10859K, capacity 11479K, committed 11568K, reserved 1048576K
Event: 435.376 GC heap after
Heap after GC invocations=22 (full 4):
 PSYoungGen      total 339968K, used 36851K [0x00000000e0000000, 0x00000000f8e80000, 0x0000000100000000)
  eden space 303104K, 0% used [0x00000000e0000000,0x00000000e0000000,0x00000000f2800000)
  from space 36864K, 99% used [0x00000000f5700000,0x00000000f7afcc78,0x00000000f7b00000)
  to   space 48128K, 0% used [0x00000000f2800000,0x00000000f2800000,0x00000000f5700000)
 ParOldGen       total 168448K, used 110870K [0x00000000a0000000, 0x00000000aa480000, 0x00000000e0000000)
  object space 168448K, 65% used [0x00000000a0000000,0x00000000a6c45a58,0x00000000aa480000)
 Metaspace       used 84713K, capacity 87600K, committed 87832K, reserved 1126400K
  class space    used 10859K, capacity 11479K, committed 11568K, reserved 1048576K
}
Event: 2482.401 GC heap before
{Heap before GC invocations=23 (full 4):
 PSYoungGen      total 339968K, used 339955K [0x00000000e0000000, 0x00000000f8e80000, 0x0000000100000000)
  eden space 303104K, 100% used [0x00000000e0000000,0x00000000f2800000,0x00000000f2800000)
  from space 36864K, 99% used [0x00000000f5700000,0x00000000f7afcc78,0x00000000f7b00000)
  to   space 48128K, 0% used [0x00000000f2800000,0x00000000f2800000,0x00000000f5700000)
 ParOldGen       total 168448K, used 110870K [0x00000000a0000000, 0x00000000aa480000, 0x00000000e0000000)
  object space 168448K, 65% used [0x00000000a0000000,0x00000000a6c45a58,0x00000000aa480000)
 Metaspace       used 86471K, capacity 89468K, committed 89752K, reserved 1128448K
  class space    used 11024K, capacity 11669K, committed 11696K, reserved 1048576K
Event: 2482.470 GC heap after
Heap after GC invocations=23 (full 4):
 PSYoungGen      total 351232K, used 27712K [0x00000000e0000000, 0x00000000fb600000, 0x0000000100000000)
  eden space 303104K, 0% used [0x00000000e0000000,0x00000000e0000000,0x00000000f2800000)
  from space 48128K, 57% used [0x00000000f2800000,0x00000000f4310260,0x00000000f5700000)
  to   space 48640K, 0% used [0x00000000f8680000,0x00000000f8680000,0x00000000fb600000)
 ParOldGen       total 168448K, used 117434K [0x00000000a0000000, 0x00000000aa480000, 0x00000000e0000000)
  object space 168448K, 69% used [0x00000000a0000000,0x00000000a72aeb60,0x00000000aa480000)
 Metaspace       used 86471K, capacity 89468K, committed 89752K, reserved 1128448K
  class space    used 11024K, capacity 11669K, committed 11696K, reserved 1048576K
}
Event: 2483.361 GC heap before
{Heap before GC invocations=24 (full 4):
 PSYoungGen      total 351232K, used 330798K [0x00000000e0000000, 0x00000000fb600000, 0x0000000100000000)
  eden space 303104K, 99% used [0x00000000e0000000,0x00000000f27fb898,0x00000000f2800000)
  from space 48128K, 57% used [0x00000000f2800000,0x00000000f4310260,0x00000000f5700000)
  to   space 48640K, 0% used [0x00000000f8680000,0x00000000f8680000,0x00000000fb600000)
 ParOldGen       total 168448K, used 117434K [0x00000000a0000000, 0x00000000aa480000, 0x00000000e0000000)
  object space 168448K, 69% used [0x00000000a0000000,0x00000000a72aeb60,0x00000000aa480000)
 Metaspace       used 86695K, capacity 89788K, committed 90008K, reserved 1128448K
  class space    used 11035K, capacity 11681K, committed 11696K, reserved 1048576K
Event: 2483.389 GC heap after
Heap after GC invocations=24 (full 4):
 PSYoungGen      total 399872K, used 7554K [0x00000000e0000000, 0x00000000fb500000, 0x0000000100000000)
  eden space 352256K, 0% used [0x00000000e0000000,0x00000000e0000000,0x00000000f5800000)
  from space 47616K, 15% used [0x00000000f8680000,0x00000000f8de0a90,0x00000000fb500000)
  to   space 47616K, 0% used [0x00000000f5800000,0x00000000f5800000,0x00000000f8680000)
 ParOldGen       total 168448K, used 117442K [0x00000000a0000000, 0x00000000aa480000, 0x00000000e0000000)
  object space 168448K, 69% used [0x00000000a0000000,0x00000000a72b0b60,0x00000000aa480000)
 Metaspace       used 86695K, capacity 89788K, committed 90008K, reserved 1128448K
  class space    used 11035K, capacity 11681K, committed 11696K, reserved 1048576K
}

